[ 2020-03-30T19:39:15+08:00 ] ::1 /Card-system/Public/Admin/js/jquery.js
ERR: 非法操作:admin

[ 2020-03-30T19:39:15+08:00 ] ::1 /Card-system/home/index/captcha
ERR: 非法操作:captcha

[ 2020-03-30T19:39:15+08:00 ] ::1 /Card-system/Public/Admin/js/common.js
ERR: 非法操作:admin

[ 2020-03-30T19:40:15+08:00 ] ::1 /Card-system/home/index/captcha/t/0.311441714113349
ERR: 非法操作:captcha

[ 2020-03-30T19:40:16+08:00 ] ::1 /Card-system/home/index/captcha/t/0.9711965132243299
ERR: 非法操作:captcha

[ 2020-03-30T19:40:18+08:00 ] ::1 /Card-system/home/index/captcha/t/0.12260557254813498
ERR: 非法操作:captcha

[ 2020-03-30T19:40:44+08:00 ] ::1 /Card-system/Public/Admin/js/common.js
ERR: 非法操作:admin

[ 2020-03-30T19:40:44+08:00 ] ::1 /Card-system/Public/Admin/js/jquery.js
ERR: 非法操作:admin

[ 2020-03-30T19:40:44+08:00 ] ::1 /Card-system/home/index/captcha
ERR: 非法操作:captcha

[ 2020-03-30T19:40:46+08:00 ] ::1 /Card-system/Public/Admin/js/jquery.js
ERR: 非法操作:admin

[ 2020-03-30T19:40:46+08:00 ] ::1 /Card-system/Public/Admin/js/common.js
ERR: 非法操作:admin

[ 2020-03-30T19:40:46+08:00 ] ::1 /Card-system/home/index/captcha
ERR: 非法操作:captcha

[ 2020-03-30T19:40:50+08:00 ] ::1 /Card-system/Public/Admin/js/jquery.js
ERR: 非法操作:admin

[ 2020-03-30T19:40:50+08:00 ] ::1 /Card-system/home/index/captcha
ERR: 非法操作:captcha

[ 2020-03-30T19:40:50+08:00 ] ::1 /Card-system/Public/Admin/js/common.js
ERR: 非法操作:admin

[ 2020-03-30T19:41:03+08:00 ] ::1 /Card-system/home/index/captcha
ERR: 非法操作:captcha

[ 2020-03-30T19:41:03+08:00 ] ::1 /Card-system/Public/Admin/js/jquery.js
ERR: 非法操作:admin

[ 2020-03-30T19:41:03+08:00 ] ::1 /Card-system/Public/Admin/js/common.js
ERR: 非法操作:admin

[ 2020-03-30T19:41:14+08:00 ] ::1 /Card-system/home/index/captcha
ERR: 非法操作:captcha

[ 2020-03-30T19:41:14+08:00 ] ::1 /Card-system/Public/Admin/js/common.js
ERR: 非法操作:admin

[ 2020-03-30T19:41:14+08:00 ] ::1 /Card-system/Public/Admin/js/jquery.js
ERR: 非法操作:admin

[ 2020-03-30T19:41:19+08:00 ] ::1 /Card-system/Public/Admin/js/common.js
ERR: 非法操作:admin

[ 2020-03-30T19:41:19+08:00 ] ::1 /Card-system/Public/Admin/js/jquery.js
ERR: 非法操作:admin

[ 2020-03-30T19:41:19+08:00 ] ::1 /Card-system/home/index/captcha
ERR: 非法操作:captcha

[ 2020-03-30T19:41:32+08:00 ] ::1 /Card-system/Public/Admin/js/common.js
ERR: 非法操作:admin

[ 2020-03-30T19:41:32+08:00 ] ::1 /Card-system/home/index/captcha
ERR: 非法操作:captcha

[ 2020-03-30T19:41:32+08:00 ] ::1 /Card-system/Public/Admin/js/jquery.js
ERR: 非法操作:admin

[ 2020-03-30T19:41:42+08:00 ] ::1 /Card-system/Public/Admin/js/jquery.js
ERR: 非法操作:admin

[ 2020-03-30T19:41:42+08:00 ] ::1 /Card-system/home/index/captcha
ERR: 非法操作:captcha

[ 2020-03-30T19:41:42+08:00 ] ::1 /Card-system/Public/Admin/js/common.js
ERR: 非法操作:admin

[ 2020-03-30T19:42:51+08:00 ] ::1 /Card-system/home/index/captcha
ERR: 非法操作:captcha

[ 2020-03-30T19:42:51+08:00 ] ::1 /Card-system/Public/Admin/js/common.js
ERR: 非法操作:admin

[ 2020-03-30T19:42:51+08:00 ] ::1 /Card-system/Public/Admin/js/jquery.js
ERR: 非法操作:admin

[ 2020-03-30T19:43:01+08:00 ] ::1 /Card-system/home/index/captcha
ERR: 非法操作:captcha

[ 2020-03-30T19:43:01+08:00 ] ::1 /Card-system/Public/Admin/js/common.js
ERR: 非法操作:admin

[ 2020-03-30T19:43:01+08:00 ] ::1 /Card-system/Public/Admin/js/jquery.js
ERR: 非法操作:admin

[ 2020-03-30T19:43:30+08:00 ] ::1 /Card-system/Public/Admin/js/common.js
ERR: 非法操作:admin

[ 2020-03-30T19:43:30+08:00 ] ::1 /Card-system/Public/Admin/js/jquery.js
ERR: 非法操作:admin

[ 2020-03-30T19:43:30+08:00 ] ::1 /Card-system/__HOME__/css/base.css
ERR: 无法加载控制器:_HOME__

[ 2020-03-30T19:43:30+08:00 ] ::1 /Card-system/__HOME__/css/login.css
ERR: 无法加载控制器:_HOME__

[ 2020-03-30T19:43:30+08:00 ] ::1 /Card-system/home/index/captcha
ERR: 非法操作:captcha

[ 2020-03-30T19:45:57+08:00 ] ::1 /Card-system/home/index/captcha
ERR: 非法操作:captcha

[ 2020-03-30T19:45:57+08:00 ] ::1 /Card-system/Public/Admin/js/common.js
ERR: 非法操作:admin

[ 2020-03-30T19:45:57+08:00 ] ::1 /Card-system/Public/Admin/js/jquery.js
ERR: 非法操作:admin

[ 2020-03-30T19:46:13+08:00 ] ::1 /Card-system/Public/Admin/js/common.js
ERR: 非法操作:admin

[ 2020-03-30T19:46:13+08:00 ] ::1 /Card-system/Public/Admin/js/jquery.js
ERR: 非法操作:admin

[ 2020-03-30T19:46:13+08:00 ] ::1 /Card-system/home/index/captcha
ERR: 非法操作:captcha

[ 2020-03-30T19:46:23+08:00 ] ::1 /Card-system/Public/Admin/js/common.js
ERR: 非法操作:admin

[ 2020-03-30T19:46:23+08:00 ] ::1 /Card-system/home/index/captcha
ERR: 非法操作:captcha

[ 2020-03-30T19:46:23+08:00 ] ::1 /Card-system/Public/Admin/js/jquery.js
ERR: 非法操作:admin

[ 2020-03-30T19:46:33+08:00 ] ::1 /Card-system/Public/Admin/js/jquery.js
ERR: 非法操作:admin

[ 2020-03-30T19:46:33+08:00 ] ::1 /Card-system/Public/Admin/js/common.js
ERR: 非法操作:admin

[ 2020-03-30T19:46:33+08:00 ] ::1 /Card-system/home/index/captcha
ERR: 非法操作:captcha

[ 2020-03-30T19:46:43+08:00 ] ::1 /Card-system/Public/Admin/js/common.js
ERR: 非法操作:admin

[ 2020-03-30T19:46:43+08:00 ] ::1 /Card-system/home/index/captcha
ERR: 非法操作:captcha

[ 2020-03-30T19:46:43+08:00 ] ::1 /Card-system/Public/Admin/js/jquery.js
ERR: 非法操作:admin

[ 2020-03-30T19:47:05+08:00 ] ::1 /Card-system/Public/Admin/js/common.js
ERR: 非法操作:admin

[ 2020-03-30T19:47:05+08:00 ] ::1 /Card-system/Public/Admin/js/jquery.js
ERR: 非法操作:admin

[ 2020-03-30T19:47:05+08:00 ] ::1 /Card-system/home/index/captcha
ERR: 非法操作:captcha

[ 2020-03-30T19:47:24+08:00 ] ::1 /Card-system/home/index/captcha
ERR: 非法操作:captcha

[ 2020-03-30T19:47:24+08:00 ] ::1 /Card-system/Public/Admin/js/common.js
ERR: 非法操作:admin

[ 2020-03-30T19:47:24+08:00 ] ::1 /Card-system/Public/Admin/js/jquery.js
ERR: 非法操作:admin

[ 2020-03-30T19:48:05+08:00 ] ::1 /Card-system/home/index/captcha
ERR: 非法操作:captcha

[ 2020-03-30T19:48:05+08:00 ] ::1 /Card-system/Public/Admin/js/jquery.js
ERR: 非法操作:admin

[ 2020-03-30T19:48:05+08:00 ] ::1 /Card-system/Public/Admin/js/common.js
ERR: 非法操作:admin

[ 2020-03-30T19:48:23+08:00 ] ::1 /Card-system/home/index/captcha
ERR: 非法操作:captcha

[ 2020-03-30T19:48:23+08:00 ] ::1 /Card-system/Public/Admin/js/common.js
ERR: 非法操作:admin

[ 2020-03-30T19:48:23+08:00 ] ::1 /Card-system/Public/Admin/js/jquery.js
ERR: 非法操作:admin

[ 2020-03-30T19:48:44+08:00 ] ::1 /Card-system/home/index/captcha
ERR: 非法操作:captcha

[ 2020-03-30T19:48:44+08:00 ] ::1 /Card-system/Public/Admin/js/jquery.js
ERR: 非法操作:admin

[ 2020-03-30T19:48:44+08:00 ] ::1 /Card-system/Public/Admin/js/common.js
ERR: 非法操作:admin

[ 2020-03-30T19:48:55+08:00 ] ::1 /Card-system/Public/Admin/js/common.js
ERR: 非法操作:admin

[ 2020-03-30T19:48:55+08:00 ] ::1 /Card-system/home/index/captcha
ERR: 非法操作:captcha

[ 2020-03-30T19:48:55+08:00 ] ::1 /Card-system/Public/Admin/js/jquery.js
ERR: 非法操作:admin

[ 2020-03-30T19:49:09+08:00 ] ::1 /Card-system/Public/Admin/js/jquery.js
ERR: 非法操作:admin

[ 2020-03-30T19:49:09+08:00 ] ::1 /Card-system/home/index/captcha
ERR: 非法操作:captcha

[ 2020-03-30T19:49:09+08:00 ] ::1 /Card-system/Public/Admin/js/common.js
ERR: 非法操作:admin

[ 2020-03-30T19:49:48+08:00 ] ::1 /Card-system/Public/Admin/js/jquery.js
ERR: 非法操作:admin

[ 2020-03-30T19:49:48+08:00 ] ::1 /Card-system/Public/Admin/js/common.js
ERR: 非法操作:admin

[ 2020-03-30T19:49:48+08:00 ] ::1 /Card-system/home/index/captcha
ERR: 非法操作:captcha

[ 2020-03-30T19:50:26+08:00 ] ::1 /Card-system/Public/Admin/js/common.js
ERR: 非法操作:admin

[ 2020-03-30T19:50:26+08:00 ] ::1 /Card-system/home/index/captcha
ERR: 非法操作:captcha

[ 2020-03-30T19:50:26+08:00 ] ::1 /Card-system/Public/Admin/js/jquery.js
ERR: 非法操作:admin

[ 2020-03-30T19:52:21+08:00 ] ::1 /Card-system/home/index/captcha
ERR: 非法操作:captcha

[ 2020-03-30T19:52:21+08:00 ] ::1 /Card-system/Public/Admin/js/common.js
ERR: 非法操作:admin

[ 2020-03-30T19:52:21+08:00 ] ::1 /Card-system/Public/Admin/js/jquery.js
ERR: 非法操作:admin

[ 2020-03-30T19:52:41+08:00 ] ::1 /Card-system/home/index/captcha
ERR: 非法操作:captcha

[ 2020-03-30T19:52:41+08:00 ] ::1 /Card-system/Public/Admin/js/common.js
ERR: 非法操作:admin

[ 2020-03-30T19:52:41+08:00 ] ::1 /Card-system/Public/Admin/js/jquery.js
ERR: 非法操作:admin

[ 2020-03-30T19:53:01+08:00 ] ::1 /Card-system/home/index/captcha
ERR: 非法操作:captcha

[ 2020-03-30T19:53:01+08:00 ] ::1 /Card-system/Public/Admin/js/jquery.js
ERR: 非法操作:admin

[ 2020-03-30T19:53:01+08:00 ] ::1 /Card-system/Public/Admin/js/common.js
ERR: 非法操作:admin

[ 2020-03-30T19:55:30+08:00 ] ::1 /Card-system/Public/Admin/js/common.js
ERR: 非法操作:admin

[ 2020-03-30T19:55:30+08:00 ] ::1 /Card-system/Public/Admin/js/jquery.js
ERR: 非法操作:admin

[ 2020-03-30T19:55:30+08:00 ] ::1 /Card-system/home/index/captcha
ERR: 非法操作:captcha

[ 2020-03-30T19:55:47+08:00 ] ::1 /Card-system/Public/Admin/js/common.js
ERR: 非法操作:admin

[ 2020-03-30T19:55:47+08:00 ] ::1 /Card-system/home/index/captcha
ERR: 非法操作:captcha

[ 2020-03-30T19:55:47+08:00 ] ::1 /Card-system/Public/Admin/js/jquery.js
ERR: 非法操作:admin

[ 2020-03-30T19:56:08+08:00 ] ::1 /Card-system/home/index/captcha
ERR: 非法操作:captcha

[ 2020-03-30T19:56:08+08:00 ] ::1 /Card-system/Public/Admin/js/jquery.js
ERR: 非法操作:admin

[ 2020-03-30T19:56:08+08:00 ] ::1 /Card-system/Public/Admin/js/common.js
ERR: 非法操作:admin

[ 2020-03-30T19:56:39+08:00 ] ::1 /Card-system/Public/Admin/js/jquery.js
ERR: 非法操作:admin

[ 2020-03-30T19:56:39+08:00 ] ::1 /Card-system/Public/Admin/js/common.js
ERR: 非法操作:admin

[ 2020-03-30T19:56:39+08:00 ] ::1 /Card-system/home/index/captcha
ERR: 非法操作:captcha

[ 2020-03-30T19:56:51+08:00 ] ::1 /Card-system/Public/Admin/js/common.js
ERR: 非法操作:admin

[ 2020-03-30T19:56:51+08:00 ] ::1 /Card-system/Public/Admin/js/jquery.js
ERR: 非法操作:admin

[ 2020-03-30T19:56:51+08:00 ] ::1 /Card-system/home/index/captcha
ERR: 非法操作:captcha

[ 2020-03-30T19:57:06+08:00 ] ::1 /Card-system/Public/Admin/js/common.js
ERR: 非法操作:admin

[ 2020-03-30T19:57:06+08:00 ] ::1 /Card-system/home/index/captcha
ERR: 非法操作:captcha

[ 2020-03-30T19:57:06+08:00 ] ::1 /Card-system/Public/Admin/js/jquery.js
ERR: 非法操作:admin

[ 2020-03-30T19:58:23+08:00 ] ::1 /Card-system/home/index/captcha
ERR: 非法操作:captcha

[ 2020-03-30T19:58:23+08:00 ] ::1 /Card-system/Public/Admin/js/jquery.js
ERR: 非法操作:admin

[ 2020-03-30T19:58:23+08:00 ] ::1 /Card-system/Public/Admin/js/common.js
ERR: 非法操作:admin

[ 2020-03-30T19:58:40+08:00 ] ::1 /Card-system/Public/Admin/js/jquery.js
ERR: 非法操作:admin

[ 2020-03-30T19:58:41+08:00 ] ::1 /Card-system/Public/Admin/js/common.js
ERR: 非法操作:admin

[ 2020-03-30T19:58:41+08:00 ] ::1 /Card-system/home/index/captcha
ERR: 非法操作:captcha

[ 2020-03-30T19:59:54+08:00 ] ::1 /Card-system/home/index/captcha
ERR: 非法操作:captcha

[ 2020-03-30T19:59:54+08:00 ] ::1 /Card-system/Public/Admin/js/jquery.js
ERR: 非法操作:admin

[ 2020-03-30T19:59:54+08:00 ] ::1 /Card-system/Public/Admin/js/common.js
ERR: 非法操作:admin

[ 2020-03-30T20:01:55+08:00 ] ::1 /Card-system/Public/Admin/js/common.js
ERR: 非法操作:admin

[ 2020-03-30T20:01:55+08:00 ] ::1 /Card-system/Public/Admin/js/jquery.js
ERR: 非法操作:admin

[ 2020-03-30T20:01:55+08:00 ] ::1 /Card-system/home/index/captcha
ERR: 非法操作:captcha

[ 2020-03-30T20:02:08+08:00 ] ::1 /Card-system/home/index/captcha/t/0.8396858963914104
ERR: 非法操作:captcha

[ 2020-03-30T20:59:13+08:00 ] ::1 /Card-system/
INFO: [ app_init ] --START--
INFO: Run Behavior\BuildLiteBehavior [ RunTime:0.000010s ]
INFO: [ app_init ] --END-- [ RunTime:0.000352s ]
INFO: [ app_begin ] --START--
INFO: Run Behavior\ReadHtmlCacheBehavior [ RunTime:0.000762s ]
INFO: [ app_begin ] --END-- [ RunTime:0.000810s ]
INFO: [ view_parse ] --START--
INFO: [ template_filter ] --START--
INFO: Run Behavior\ContentReplaceBehavior [ RunTime:0.000039s ]
INFO: [ template_filter ] --END-- [ RunTime:0.000090s ]

[ 2020-03-30T20:59:34+08:00 ] ::1 /Card-system/
INFO: [ app_init ] --START--
INFO: Run Behavior\BuildLiteBehavior [ RunTime:0.000010s ]
INFO: [ app_init ] --END-- [ RunTime:0.000283s ]
INFO: [ app_begin ] --START--
INFO: Run Behavior\ReadHtmlCacheBehavior [ RunTime:0.000788s ]
INFO: [ app_begin ] --END-- [ RunTime:0.000902s ]
INFO: [ view_parse ] --START--
INFO: [ template_filter ] --START--
INFO: Run Behavior\ContentReplaceBehavior [ RunTime:0.000082s ]
INFO: [ template_filter ] --END-- [ RunTime:0.000189s ]

[ 2020-03-30T20:59:43+08:00 ] ::1 /Card-system/
INFO: [ app_init ] --START--
INFO: Run Behavior\BuildLiteBehavior [ RunTime:0.000012s ]
INFO: [ app_init ] --END-- [ RunTime:0.000488s ]
INFO: [ app_begin ] --START--
INFO: Run Behavior\ReadHtmlCacheBehavior [ RunTime:0.001142s ]
INFO: [ app_begin ] --END-- [ RunTime:0.001243s ]
INFO: [ view_parse ] --START--
INFO: [ template_filter ] --START--
INFO: Run Behavior\ContentReplaceBehavior [ RunTime:0.000064s ]
INFO: [ template_filter ] --END-- [ RunTime:0.000146s ]

[ 2020-03-30T21:00:24+08:00 ] ::1 /Card-system/
INFO: [ app_init ] --START--
INFO: Run Behavior\BuildLiteBehavior [ RunTime:0.000066s ]
INFO: [ app_init ] --END-- [ RunTime:0.000782s ]
INFO: [ app_begin ] --START--
INFO: Run Behavior\ReadHtmlCacheBehavior [ RunTime:0.000994s ]
INFO: [ app_begin ] --END-- [ RunTime:0.001079s ]
INFO: [ view_parse ] --START--
INFO: [ template_filter ] --START--
INFO: Run Behavior\ContentReplaceBehavior [ RunTime:0.000040s ]
INFO: [ template_filter ] --END-- [ RunTime:0.000089s ]
INFO: Run Behavior\ParseTemplateBehavior [ RunTime:0.029517s ]
INFO: [ view_parse ] --END-- [ RunTime:0.029591s ]
INFO: [ view_filter ] --START--
INFO: Run Behavior\WriteHtmlCacheBehavior [ RunTime:0.011438s ]
INFO: [ view_filter ] --END-- [ RunTime:0.011484s ]
INFO: [ app_end ] --START--
INFO: Run Behavior\ShowPageTraceBehavior [ RunTime:0.009652s ]
INFO: [ app_end ] --END-- [ RunTime:0.009699s ]

[ 2020-03-30T21:00:28+08:00 ] ::1 /Card-system/Index/index.html
INFO: [ app_init ] --START--
INFO: Run Behavior\BuildLiteBehavior [ RunTime:0.000010s ]
INFO: [ app_init ] --END-- [ RunTime:0.000417s ]
INFO: [ app_begin ] --START--
INFO: Run Behavior\ReadHtmlCacheBehavior [ RunTime:0.000726s ]
INFO: [ app_begin ] --END-- [ RunTime:0.000777s ]
INFO: [ view_parse ] --START--
INFO: [ template_filter ] --START--
INFO: Run Behavior\ContentReplaceBehavior [ RunTime:0.000044s ]
INFO: [ template_filter ] --END-- [ RunTime:0.000093s ]
INFO: Run Behavior\ParseTemplateBehavior [ RunTime:0.007836s ]
INFO: [ view_parse ] --END-- [ RunTime:0.007904s ]
INFO: [ view_filter ] --START--
INFO: Run Behavior\WriteHtmlCacheBehavior [ RunTime:0.000495s ]
INFO: [ view_filter ] --END-- [ RunTime:0.000530s ]
INFO: [ app_end ] --START--
INFO: Run Behavior\ShowPageTraceBehavior [ RunTime:0.000622s ]
INFO: [ app_end ] --END-- [ RunTime:0.000652s ]

[ 2020-03-30T21:00:29+08:00 ] ::1 /Card-system/Index/news.html
INFO: [ app_init ] --START--
INFO: Run Behavior\BuildLiteBehavior [ RunTime:0.000011s ]
INFO: [ app_init ] --END-- [ RunTime:0.000375s ]
INFO: [ app_begin ] --START--
INFO: Run Behavior\ReadHtmlCacheBehavior [ RunTime:0.000653s ]
INFO: [ app_begin ] --END-- [ RunTime:0.000698s ]
INFO: [ view_parse ] --START--
INFO: [ template_filter ] --START--
INFO: Run Behavior\ContentReplaceBehavior [ RunTime:0.000052s ]
INFO: [ template_filter ] --END-- [ RunTime:0.000125s ]
INFO: Run Behavior\ParseTemplateBehavior [ RunTime:0.023664s ]
INFO: [ view_parse ] --END-- [ RunTime:0.023718s ]
INFO: [ view_filter ] --START--
INFO: Run Behavior\WriteHtmlCacheBehavior [ RunTime:0.000607s ]
INFO: [ view_filter ] --END-- [ RunTime:0.000634s ]
INFO: [ app_end ] --START--
INFO: Run Behavior\ShowPageTraceBehavior [ RunTime:0.000700s ]
INFO: [ app_end ] --END-- [ RunTime:0.000731s ]

[ 2020-03-30T21:00:36+08:00 ] ::1 /Card-system/Home/Public/login.html
INFO: [ app_init ] --START--
INFO: Run Behavior\BuildLiteBehavior [ RunTime:0.000013s ]
INFO: [ app_init ] --END-- [ RunTime:0.000437s ]
INFO: [ app_begin ] --START--
INFO: Run Behavior\ReadHtmlCacheBehavior [ RunTime:0.000711s ]
INFO: [ app_begin ] --END-- [ RunTime:0.000752s ]
INFO: [ view_parse ] --START--
INFO: [ template_filter ] --START--
INFO: Run Behavior\ContentReplaceBehavior [ RunTime:0.000048s ]
INFO: [ template_filter ] --END-- [ RunTime:0.000092s ]
INFO: Run Behavior\ParseTemplateBehavior [ RunTime:0.032086s ]
INFO: [ view_parse ] --END-- [ RunTime:0.032134s ]
INFO: [ view_filter ] --START--
INFO: Run Behavior\WriteHtmlCacheBehavior [ RunTime:0.000557s ]
INFO: [ view_filter ] --END-- [ RunTime:0.000586s ]
INFO: [ app_end ] --START--
INFO: Run Behavior\ShowPageTraceBehavior [ RunTime:0.000625s ]
INFO: [ app_end ] --END-- [ RunTime:0.000655s ]

[ 2020-03-30T21:00:36+08:00 ] ::1 /Card-system/Home/Public/captcha
INFO: [ app_init ] --START--
INFO: Run Behavior\BuildLiteBehavior [ RunTime:0.000010s ]
INFO: [ app_init ] --END-- [ RunTime:0.000478s ]
INFO: [ app_begin ] --START--
INFO: Run Behavior\ReadHtmlCacheBehavior [ RunTime:0.000977s ]
INFO: [ app_begin ] --END-- [ RunTime:0.001056s ]
ERR: 非法操作:captcha

[ 2020-03-30T21:00:36+08:00 ] ::1 /Card-system/Public/Admin/js/common.js
INFO: [ app_init ] --START--
INFO: Run Behavior\BuildLiteBehavior [ RunTime:0.000013s ]
INFO: [ app_init ] --END-- [ RunTime:0.000548s ]
INFO: [ app_begin ] --START--
INFO: Run Behavior\ReadHtmlCacheBehavior [ RunTime:0.000714s ]
INFO: [ app_begin ] --END-- [ RunTime:0.000767s ]
ERR: 非法操作:Admin

[ 2020-03-30T21:00:36+08:00 ] ::1 /Card-system/Public/Admin/js/jquery.js
INFO: [ app_init ] --START--
INFO: Run Behavior\BuildLiteBehavior [ RunTime:0.000010s ]
INFO: [ app_init ] --END-- [ RunTime:0.000367s ]
INFO: [ app_begin ] --START--
INFO: Run Behavior\ReadHtmlCacheBehavior [ RunTime:0.000725s ]
INFO: [ app_begin ] --END-- [ RunTime:0.000764s ]
ERR: 非法操作:Admin

[ 2020-03-30T21:00:40+08:00 ] ::1 /Card-system/Index/aboutUs.html
INFO: [ app_init ] --START--
INFO: Run Behavior\BuildLiteBehavior [ RunTime:0.000010s ]
INFO: [ app_init ] --END-- [ RunTime:0.000329s ]
INFO: [ app_begin ] --START--
INFO: Run Behavior\ReadHtmlCacheBehavior [ RunTime:0.000572s ]
INFO: [ app_begin ] --END-- [ RunTime:0.000613s ]
INFO: [ view_parse ] --START--
INFO: [ template_filter ] --START--
INFO: Run Behavior\ContentReplaceBehavior [ RunTime:0.000025s ]
INFO: [ template_filter ] --END-- [ RunTime:0.000057s ]
INFO: Run Behavior\ParseTemplateBehavior [ RunTime:0.011018s ]
INFO: [ view_parse ] --END-- [ RunTime:0.011077s ]
INFO: [ view_filter ] --START--
INFO: Run Behavior\WriteHtmlCacheBehavior [ RunTime:0.000441s ]
INFO: [ view_filter ] --END-- [ RunTime:0.000471s ]
INFO: [ app_end ] --START--
INFO: Run Behavior\ShowPageTraceBehavior [ RunTime:0.000562s ]
INFO: [ app_end ] --END-- [ RunTime:0.000590s ]

[ 2020-03-30T21:00:43+08:00 ] ::1 /Card-system/Index/news.html
INFO: [ app_init ] --START--
INFO: Run Behavior\BuildLiteBehavior [ RunTime:0.000018s ]
INFO: [ app_init ] --END-- [ RunTime:0.000668s ]
INFO: [ app_begin ] --START--
INFO: Run Behavior\ReadHtmlCacheBehavior [ RunTime:0.001174s ]
INFO: [ app_begin ] --END-- [ RunTime:0.001249s ]
INFO: [ view_parse ] --START--
INFO: [ template_filter ] --START--
INFO: Run Behavior\ContentReplaceBehavior [ RunTime:0.000044s ]
INFO: [ template_filter ] --END-- [ RunTime:0.000103s ]
INFO: Run Behavior\ParseTemplateBehavior [ RunTime:0.011071s ]
INFO: [ view_parse ] --END-- [ RunTime:0.011148s ]
INFO: [ view_filter ] --START--
INFO: Run Behavior\WriteHtmlCacheBehavior [ RunTime:0.000705s ]
INFO: [ view_filter ] --END-- [ RunTime:0.000750s ]
INFO: [ app_end ] --START--
INFO: Run Behavior\ShowPageTraceBehavior [ RunTime:0.000929s ]
INFO: [ app_end ] --END-- [ RunTime:0.000987s ]

[ 2020-03-30T21:06:11+08:00 ] ::1 /Card-system/
INFO: [ app_init ] --START--
INFO: Run Behavior\BuildLiteBehavior [ RunTime:0.000020s ]
INFO: [ app_init ] --END-- [ RunTime:0.000624s ]
INFO: [ app_begin ] --START--
INFO: Run Behavior\ReadHtmlCacheBehavior [ RunTime:0.006846s ]
INFO: [ app_begin ] --END-- [ RunTime:0.006934s ]
INFO: [ view_parse ] --START--
INFO: [ template_filter ] --START--
INFO: Run Behavior\ContentReplaceBehavior [ RunTime:0.000064s ]
INFO: [ template_filter ] --END-- [ RunTime:0.000135s ]
INFO: Run Behavior\ParseTemplateBehavior [ RunTime:0.057848s ]
INFO: [ view_parse ] --END-- [ RunTime:0.057929s ]
INFO: [ view_filter ] --START--
INFO: Run Behavior\WriteHtmlCacheBehavior [ RunTime:0.001017s ]
INFO: [ view_filter ] --END-- [ RunTime:0.001073s ]
INFO: [ app_end ] --START--
INFO: Run Behavior\ShowPageTraceBehavior [ RunTime:0.001163s ]
INFO: [ app_end ] --END-- [ RunTime:0.001217s ]

[ 2020-03-30T21:07:01+08:00 ] ::1 /Card-system/
INFO: [ app_init ] --START--
INFO: Run Behavior\BuildLiteBehavior [ RunTime:0.000023s ]
INFO: [ app_init ] --END-- [ RunTime:0.000563s ]
INFO: [ app_begin ] --START--
INFO: Run Behavior\ReadHtmlCacheBehavior [ RunTime:0.000984s ]
INFO: [ app_begin ] --END-- [ RunTime:0.001114s ]
INFO: [ view_parse ] --START--
INFO: [ template_filter ] --START--
INFO: Run Behavior\ContentReplaceBehavior [ RunTime:0.000071s ]
INFO: [ template_filter ] --END-- [ RunTime:0.000145s ]
INFO: Run Behavior\ParseTemplateBehavior [ RunTime:0.053667s ]
INFO: [ view_parse ] --END-- [ RunTime:0.053741s ]
INFO: [ view_filter ] --START--
INFO: Run Behavior\WriteHtmlCacheBehavior [ RunTime:0.000373s ]
INFO: [ view_filter ] --END-- [ RunTime:0.000403s ]
INFO: [ app_end ] --START--
INFO: Run Behavior\ShowPageTraceBehavior [ RunTime:0.000483s ]
INFO: [ app_end ] --END-- [ RunTime:0.000512s ]

[ 2020-03-30T21:07:15+08:00 ] ::1 /Card-system/
INFO: [ app_init ] --START--
INFO: Run Behavior\BuildLiteBehavior [ RunTime:0.000014s ]
INFO: [ app_init ] --END-- [ RunTime:0.000506s ]
INFO: [ app_begin ] --START--
INFO: Run Behavior\ReadHtmlCacheBehavior [ RunTime:0.000730s ]
INFO: [ app_begin ] --END-- [ RunTime:0.000820s ]
INFO: [ view_parse ] --START--
INFO: [ template_filter ] --START--
INFO: Run Behavior\ContentReplaceBehavior [ RunTime:0.000073s ]
INFO: [ template_filter ] --END-- [ RunTime:0.000161s ]
INFO: Run Behavior\ParseTemplateBehavior [ RunTime:0.047481s ]
INFO: [ view_parse ] --END-- [ RunTime:0.047583s ]
INFO: [ view_filter ] --START--
INFO: Run Behavior\WriteHtmlCacheBehavior [ RunTime:0.000673s ]
INFO: [ view_filter ] --END-- [ RunTime:0.002957s ]
INFO: [ app_end ] --START--
INFO: Run Behavior\ShowPageTraceBehavior [ RunTime:0.000587s ]
INFO: [ app_end ] --END-- [ RunTime:0.000636s ]

[ 2020-03-30T21:09:09+08:00 ] ::1 /Card-system/
INFO: [ app_init ] --START--
INFO: Run Behavior\BuildLiteBehavior [ RunTime:0.000017s ]
INFO: [ app_init ] --END-- [ RunTime:0.000596s ]
INFO: [ app_begin ] --START--
INFO: Run Behavior\ReadHtmlCacheBehavior [ RunTime:0.000835s ]
INFO: [ app_begin ] --END-- [ RunTime:0.001053s ]
INFO: [ view_parse ] --START--
INFO: [ template_filter ] --START--
INFO: Run Behavior\ContentReplaceBehavior [ RunTime:0.000076s ]
INFO: [ template_filter ] --END-- [ RunTime:0.000157s ]
INFO: Run Behavior\ParseTemplateBehavior [ RunTime:0.027469s ]
INFO: [ view_parse ] --END-- [ RunTime:0.027534s ]
INFO: [ view_filter ] --START--
INFO: Run Behavior\WriteHtmlCacheBehavior [ RunTime:0.000605s ]
INFO: [ view_filter ] --END-- [ RunTime:0.000633s ]
INFO: [ app_end ] --START--
INFO: Run Behavior\ShowPageTraceBehavior [ RunTime:0.000685s ]
INFO: [ app_end ] --END-- [ RunTime:0.000715s ]

[ 2020-03-30T21:09:35+08:00 ] ::1 /Card-system/
INFO: [ app_init ] --START--
INFO: Run Behavior\BuildLiteBehavior [ RunTime:0.000019s ]
INFO: [ app_init ] --END-- [ RunTime:0.000679s ]
INFO: [ app_begin ] --START--
INFO: Run Behavior\ReadHtmlCacheBehavior [ RunTime:0.001090s ]
INFO: [ app_begin ] --END-- [ RunTime:0.001154s ]
INFO: [ view_parse ] --START--
INFO: [ template_filter ] --START--
INFO: Run Behavior\ContentReplaceBehavior [ RunTime:0.000065s ]
INFO: [ template_filter ] --END-- [ RunTime:0.000138s ]
INFO: Run Behavior\ParseTemplateBehavior [ RunTime:0.041070s ]
INFO: [ view_parse ] --END-- [ RunTime:0.041158s ]
INFO: [ view_filter ] --START--
INFO: Run Behavior\WriteHtmlCacheBehavior [ RunTime:0.000836s ]
INFO: [ view_filter ] --END-- [ RunTime:0.000880s ]
INFO: [ app_end ] --START--
INFO: Run Behavior\ShowPageTraceBehavior [ RunTime:0.000773s ]
INFO: [ app_end ] --END-- [ RunTime:0.000805s ]

[ 2020-03-30T21:09:54+08:00 ] ::1 /Card-system/
INFO: [ app_init ] --START--
INFO: Run Behavior\BuildLiteBehavior [ RunTime:0.000010s ]
INFO: [ app_init ] --END-- [ RunTime:0.000357s ]
INFO: [ app_begin ] --START--
INFO: Run Behavior\ReadHtmlCacheBehavior [ RunTime:0.000900s ]
INFO: [ app_begin ] --END-- [ RunTime:0.000958s ]
INFO: [ view_parse ] --START--
INFO: [ template_filter ] --START--
INFO: Run Behavior\ContentReplaceBehavior [ RunTime:0.000063s ]
INFO: [ template_filter ] --END-- [ RunTime:0.000134s ]
INFO: Run Behavior\ParseTemplateBehavior [ RunTime:0.043117s ]
INFO: [ view_parse ] --END-- [ RunTime:0.043167s ]
INFO: [ view_filter ] --START--
INFO: Run Behavior\WriteHtmlCacheBehavior [ RunTime:0.000629s ]
INFO: [ view_filter ] --END-- [ RunTime:0.000657s ]
INFO: [ app_end ] --START--
INFO: Run Behavior\ShowPageTraceBehavior [ RunTime:0.000713s ]
INFO: [ app_end ] --END-- [ RunTime:0.000742s ]

[ 2020-03-30T21:10:34+08:00 ] ::1 /Card-system/
INFO: [ app_init ] --START--
INFO: Run Behavior\BuildLiteBehavior [ RunTime:0.000014s ]
INFO: [ app_init ] --END-- [ RunTime:0.000445s ]
INFO: [ app_begin ] --START--
INFO: Run Behavior\ReadHtmlCacheBehavior [ RunTime:0.001058s ]
INFO: [ app_begin ] --END-- [ RunTime:0.001135s ]
INFO: [ view_parse ] --START--
INFO: [ template_filter ] --START--
INFO: Run Behavior\ContentReplaceBehavior [ RunTime:0.000043s ]
INFO: [ template_filter ] --END-- [ RunTime:0.000094s ]
INFO: Run Behavior\ParseTemplateBehavior [ RunTime:0.033276s ]
INFO: [ view_parse ] --END-- [ RunTime:0.033803s ]
INFO: [ view_filter ] --START--
INFO: Run Behavior\WriteHtmlCacheBehavior [ RunTime:0.004030s ]
INFO: [ view_filter ] --END-- [ RunTime:0.004109s ]
INFO: [ app_end ] --START--
INFO: Run Behavior\ShowPageTraceBehavior [ RunTime:0.001159s ]
INFO: [ app_end ] --END-- [ RunTime:0.001227s ]

[ 2020-03-30T21:14:09+08:00 ] ::1 /Card-system/
INFO: [ app_init ] --START--
INFO: Run Behavior\BuildLiteBehavior [ RunTime:0.000012s ]
INFO: [ app_init ] --END-- [ RunTime:0.000488s ]
INFO: [ app_begin ] --START--
INFO: Run Behavior\ReadHtmlCacheBehavior [ RunTime:0.001429s ]
INFO: [ app_begin ] --END-- [ RunTime:0.001530s ]
INFO: [ view_parse ] --START--
INFO: [ template_filter ] --START--
INFO: Run Behavior\ContentReplaceBehavior [ RunTime:0.000115s ]
INFO: [ template_filter ] --END-- [ RunTime:0.000228s ]
INFO: Run Behavior\ParseTemplateBehavior [ RunTime:0.032423s ]
INFO: [ view_parse ] --END-- [ RunTime:0.032488s ]
INFO: [ view_filter ] --START--
INFO: Run Behavior\WriteHtmlCacheBehavior [ RunTime:0.000642s ]
INFO: [ view_filter ] --END-- [ RunTime:0.000677s ]
INFO: [ app_end ] --START--
INFO: Run Behavior\ShowPageTraceBehavior [ RunTime:0.000721s ]
INFO: [ app_end ] --END-- [ RunTime:0.000757s ]

[ 2020-03-30T21:14:49+08:00 ] ::1 /Card-system/
INFO: [ app_init ] --START--
INFO: Run Behavior\BuildLiteBehavior [ RunTime:0.000020s ]
INFO: [ app_init ] --END-- [ RunTime:0.000680s ]
INFO: [ app_begin ] --START--
INFO: Run Behavior\ReadHtmlCacheBehavior [ RunTime:0.000851s ]
INFO: [ app_begin ] --END-- [ RunTime:0.000950s ]
INFO: [ view_parse ] --START--
INFO: [ template_filter ] --START--
INFO: Run Behavior\ContentReplaceBehavior [ RunTime:0.000065s ]
INFO: [ template_filter ] --END-- [ RunTime:0.000141s ]
INFO: Run Behavior\ParseTemplateBehavior [ RunTime:0.035583s ]
INFO: [ view_parse ] --END-- [ RunTime:0.035660s ]
INFO: [ view_filter ] --START--
INFO: Run Behavior\WriteHtmlCacheBehavior [ RunTime:0.000400s ]
INFO: [ view_filter ] --END-- [ RunTime:0.000430s ]
INFO: [ app_end ] --START--
INFO: Run Behavior\ShowPageTraceBehavior [ RunTime:0.000605s ]
INFO: [ app_end ] --END-- [ RunTime:0.000639s ]

[ 2020-03-30T21:15:08+08:00 ] ::1 /Card-system/
INFO: [ app_init ] --START--
INFO: Run Behavior\BuildLiteBehavior [ RunTime:0.000023s ]
INFO: [ app_init ] --END-- [ RunTime:0.000521s ]
INFO: [ app_begin ] --START--
INFO: Run Behavior\ReadHtmlCacheBehavior [ RunTime:0.001535s ]
INFO: [ app_begin ] --END-- [ RunTime:0.001597s ]
INFO: [ view_parse ] --START--
INFO: [ template_filter ] --START--
INFO: Run Behavior\ContentReplaceBehavior [ RunTime:0.000069s ]
INFO: [ template_filter ] --END-- [ RunTime:0.000178s ]
INFO: Run Behavior\ParseTemplateBehavior [ RunTime:0.050408s ]
INFO: [ view_parse ] --END-- [ RunTime:0.050499s ]
INFO: [ view_filter ] --START--
INFO: Run Behavior\WriteHtmlCacheBehavior [ RunTime:0.000910s ]
INFO: [ view_filter ] --END-- [ RunTime:0.000980s ]
INFO: [ app_end ] --START--
INFO: Run Behavior\ShowPageTraceBehavior [ RunTime:0.001120s ]
INFO: [ app_end ] --END-- [ RunTime:0.001174s ]

[ 2020-03-30T21:15:16+08:00 ] ::1 /Card-system/
INFO: [ app_init ] --START--
INFO: Run Behavior\BuildLiteBehavior [ RunTime:0.000010s ]
INFO: [ app_init ] --END-- [ RunTime:0.000414s ]
INFO: [ app_begin ] --START--
INFO: Run Behavior\ReadHtmlCacheBehavior [ RunTime:0.000746s ]
INFO: [ app_begin ] --END-- [ RunTime:0.000796s ]
INFO: [ view_parse ] --START--
INFO: [ template_filter ] --START--
INFO: Run Behavior\ContentReplaceBehavior [ RunTime:0.000088s ]
INFO: [ template_filter ] --END-- [ RunTime:0.000179s ]
INFO: Run Behavior\ParseTemplateBehavior [ RunTime:0.012651s ]
INFO: [ view_parse ] --END-- [ RunTime:0.012759s ]
INFO: [ view_filter ] --START--
INFO: Run Behavior\WriteHtmlCacheBehavior [ RunTime:0.002336s ]
INFO: [ view_filter ] --END-- [ RunTime:0.002397s ]
INFO: [ app_end ] --START--
INFO: Run Behavior\ShowPageTraceBehavior [ RunTime:0.001429s ]
INFO: [ app_end ] --END-- [ RunTime:0.001907s ]

[ 2020-03-30T21:15:29+08:00 ] ::1 /Card-system/
INFO: [ app_init ] --START--
INFO: Run Behavior\BuildLiteBehavior [ RunTime:0.000018s ]
INFO: [ app_init ] --END-- [ RunTime:0.000638s ]
INFO: [ app_begin ] --START--
INFO: Run Behavior\ReadHtmlCacheBehavior [ RunTime:0.000872s ]
INFO: [ app_begin ] --END-- [ RunTime:0.000941s ]
INFO: [ view_parse ] --START--
INFO: [ template_filter ] --START--
INFO: Run Behavior\ContentReplaceBehavior [ RunTime:0.000085s ]
INFO: [ template_filter ] --END-- [ RunTime:0.000208s ]
INFO: Run Behavior\ParseTemplateBehavior [ RunTime:0.038674s ]
INFO: [ view_parse ] --END-- [ RunTime:0.038806s ]
INFO: [ view_filter ] --START--
INFO: Run Behavior\WriteHtmlCacheBehavior [ RunTime:0.001256s ]
INFO: [ view_filter ] --END-- [ RunTime:0.001331s ]
INFO: [ app_end ] --START--
INFO: Run Behavior\ShowPageTraceBehavior [ RunTime:0.001516s ]
INFO: [ app_end ] --END-- [ RunTime:0.001619s ]

[ 2020-03-30T21:16:40+08:00 ] ::1 /Card-system/
INFO: [ app_init ] --START--
INFO: Run Behavior\BuildLiteBehavior [ RunTime:0.000017s ]
INFO: [ app_init ] --END-- [ RunTime:0.000782s ]
INFO: [ app_begin ] --START--
INFO: Run Behavior\ReadHtmlCacheBehavior [ RunTime:0.001119s ]
INFO: [ app_begin ] --END-- [ RunTime:0.001213s ]
INFO: [ view_parse ] --START--
INFO: [ template_filter ] --START--
INFO: Run Behavior\ContentReplaceBehavior [ RunTime:0.000061s ]
INFO: [ template_filter ] --END-- [ RunTime:0.000139s ]
INFO: Run Behavior\ParseTemplateBehavior [ RunTime:0.033114s ]
INFO: [ view_parse ] --END-- [ RunTime:0.033273s ]
INFO: [ view_filter ] --START--
INFO: Run Behavior\WriteHtmlCacheBehavior [ RunTime:0.000794s ]
INFO: [ view_filter ] --END-- [ RunTime:0.000863s ]
INFO: [ app_end ] --START--
INFO: Run Behavior\ShowPageTraceBehavior [ RunTime:0.000909s ]
INFO: [ app_end ] --END-- [ RunTime:0.000962s ]

[ 2020-03-30T21:16:50+08:00 ] ::1 /Card-system/
INFO: [ app_init ] --START--
INFO: Run Behavior\BuildLiteBehavior [ RunTime:0.000013s ]
INFO: [ app_init ] --END-- [ RunTime:0.000583s ]
INFO: [ app_begin ] --START--
INFO: Run Behavior\ReadHtmlCacheBehavior [ RunTime:0.000738s ]
INFO: [ app_begin ] --END-- [ RunTime:0.000803s ]
INFO: [ view_parse ] --START--
INFO: [ template_filter ] --START--
INFO: Run Behavior\ContentReplaceBehavior [ RunTime:0.000071s ]
INFO: [ template_filter ] --END-- [ RunTime:0.000143s ]
INFO: Run Behavior\ParseTemplateBehavior [ RunTime:0.020706s ]
INFO: [ view_parse ] --END-- [ RunTime:0.020809s ]
INFO: [ view_filter ] --START--
INFO: Run Behavior\WriteHtmlCacheBehavior [ RunTime:0.000891s ]
INFO: [ view_filter ] --END-- [ RunTime:0.000966s ]
INFO: [ app_end ] --START--
INFO: Run Behavior\ShowPageTraceBehavior [ RunTime:0.002235s ]
INFO: [ app_end ] --END-- [ RunTime:0.002328s ]

[ 2020-03-30T21:17:09+08:00 ] ::1 /Card-system/
INFO: [ app_init ] --START--
INFO: Run Behavior\BuildLiteBehavior [ RunTime:0.000010s ]
INFO: [ app_init ] --END-- [ RunTime:0.000347s ]
INFO: [ app_begin ] --START--
INFO: Run Behavior\ReadHtmlCacheBehavior [ RunTime:0.000695s ]
INFO: [ app_begin ] --END-- [ RunTime:0.000776s ]
INFO: [ view_parse ] --START--
INFO: [ template_filter ] --START--
INFO: Run Behavior\ContentReplaceBehavior [ RunTime:0.000073s ]
INFO: [ template_filter ] --END-- [ RunTime:0.000155s ]
INFO: Run Behavior\ParseTemplateBehavior [ RunTime:0.037734s ]
INFO: [ view_parse ] --END-- [ RunTime:0.037813s ]
INFO: [ view_filter ] --START--
INFO: Run Behavior\WriteHtmlCacheBehavior [ RunTime:0.000839s ]
INFO: [ view_filter ] --END-- [ RunTime:0.000911s ]
INFO: [ app_end ] --START--
INFO: Run Behavior\ShowPageTraceBehavior [ RunTime:0.000973s ]
INFO: [ app_end ] --END-- [ RunTime:0.001045s ]

[ 2020-03-30T21:17:33+08:00 ] ::1 /Card-system/
INFO: [ app_init ] --START--
INFO: Run Behavior\BuildLiteBehavior [ RunTime:0.000013s ]
INFO: [ app_init ] --END-- [ RunTime:0.000487s ]
INFO: [ app_begin ] --START--
INFO: Run Behavior\ReadHtmlCacheBehavior [ RunTime:0.001081s ]
INFO: [ app_begin ] --END-- [ RunTime:0.001197s ]
INFO: [ view_parse ] --START--
INFO: [ template_filter ] --START--
INFO: Run Behavior\ContentReplaceBehavior [ RunTime:0.000072s ]
INFO: [ template_filter ] --END-- [ RunTime:0.000163s ]
INFO: Run Behavior\ParseTemplateBehavior [ RunTime:0.039634s ]
INFO: [ view_parse ] --END-- [ RunTime:0.039729s ]
INFO: [ view_filter ] --START--
INFO: Run Behavior\WriteHtmlCacheBehavior [ RunTime:0.001270s ]
INFO: [ view_filter ] --END-- [ RunTime:0.001333s ]
INFO: [ app_end ] --START--
INFO: Run Behavior\ShowPageTraceBehavior [ RunTime:0.001128s ]
INFO: [ app_end ] --END-- [ RunTime:0.001193s ]

[ 2020-03-30T21:18:02+08:00 ] ::1 /Card-system/
INFO: [ app_init ] --START--
INFO: Run Behavior\BuildLiteBehavior [ RunTime:0.000037s ]
INFO: [ app_init ] --END-- [ RunTime:0.000582s ]
INFO: [ app_begin ] --START--
INFO: Run Behavior\ReadHtmlCacheBehavior [ RunTime:0.001474s ]
INFO: [ app_begin ] --END-- [ RunTime:0.001609s ]
INFO: [ view_parse ] --START--
INFO: [ template_filter ] --START--
INFO: Run Behavior\ContentReplaceBehavior [ RunTime:0.000139s ]
INFO: [ template_filter ] --END-- [ RunTime:0.000258s ]
INFO: Run Behavior\ParseTemplateBehavior [ RunTime:0.047837s ]
INFO: [ view_parse ] --END-- [ RunTime:0.047963s ]
INFO: [ view_filter ] --START--
INFO: Run Behavior\WriteHtmlCacheBehavior [ RunTime:0.000786s ]
INFO: [ view_filter ] --END-- [ RunTime:0.000858s ]
INFO: [ app_end ] --START--
INFO: Run Behavior\ShowPageTraceBehavior [ RunTime:0.000826s ]
INFO: [ app_end ] --END-- [ RunTime:0.000868s ]

[ 2020-03-30T21:18:48+08:00 ] ::1 /Card-system/
INFO: [ app_init ] --START--
INFO: Run Behavior\BuildLiteBehavior [ RunTime:0.000021s ]
INFO: [ app_init ] --END-- [ RunTime:0.000829s ]
INFO: [ app_begin ] --START--
INFO: Run Behavior\ReadHtmlCacheBehavior [ RunTime:0.001179s ]
INFO: [ app_begin ] --END-- [ RunTime:0.001270s ]
INFO: [ view_parse ] --START--
INFO: [ template_filter ] --START--
INFO: Run Behavior\ContentReplaceBehavior [ RunTime:0.004823s ]
INFO: [ template_filter ] --END-- [ RunTime:0.004937s ]
INFO: Run Behavior\ParseTemplateBehavior [ RunTime:0.051775s ]
INFO: [ view_parse ] --END-- [ RunTime:0.051909s ]
INFO: [ view_filter ] --START--
INFO: Run Behavior\WriteHtmlCacheBehavior [ RunTime:0.000772s ]
INFO: [ view_filter ] --END-- [ RunTime:0.000840s ]
INFO: [ app_end ] --START--
INFO: Run Behavior\ShowPageTraceBehavior [ RunTime:0.000805s ]
INFO: [ app_end ] --END-- [ RunTime:0.000858s ]

[ 2020-03-30T21:20:02+08:00 ] ::1 /Card-system/
INFO: [ app_init ] --START--
INFO: Run Behavior\BuildLiteBehavior [ RunTime:0.000019s ]
INFO: [ app_init ] --END-- [ RunTime:0.000564s ]
INFO: [ app_begin ] --START--
INFO: Run Behavior\ReadHtmlCacheBehavior [ RunTime:0.001069s ]
INFO: [ app_begin ] --END-- [ RunTime:0.001163s ]
INFO: [ view_parse ] --START--
INFO: [ template_filter ] --START--
INFO: Run Behavior\ContentReplaceBehavior [ RunTime:0.000077s ]
INFO: [ template_filter ] --END-- [ RunTime:0.000174s ]
INFO: Run Behavior\ParseTemplateBehavior [ RunTime:0.045359s ]
INFO: [ view_parse ] --END-- [ RunTime:0.045447s ]
INFO: [ view_filter ] --START--
INFO: Run Behavior\WriteHtmlCacheBehavior [ RunTime:0.001556s ]
INFO: [ view_filter ] --END-- [ RunTime:0.001727s ]
INFO: [ app_end ] --START--
INFO: Run Behavior\ShowPageTraceBehavior [ RunTime:0.001121s ]
INFO: [ app_end ] --END-- [ RunTime:0.001201s ]

[ 2020-03-30T21:20:20+08:00 ] ::1 /Card-system/
INFO: [ app_init ] --START--
INFO: Run Behavior\BuildLiteBehavior [ RunTime:0.000020s ]
INFO: [ app_init ] --END-- [ RunTime:0.000466s ]
INFO: [ app_begin ] --START--
INFO: Run Behavior\ReadHtmlCacheBehavior [ RunTime:0.001381s ]
INFO: [ app_begin ] --END-- [ RunTime:0.001502s ]
INFO: [ view_parse ] --START--
INFO: [ template_filter ] --START--
INFO: Run Behavior\ContentReplaceBehavior [ RunTime:0.000062s ]
INFO: [ template_filter ] --END-- [ RunTime:0.000141s ]
INFO: Run Behavior\ParseTemplateBehavior [ RunTime:0.037581s ]
INFO: [ view_parse ] --END-- [ RunTime:0.037646s ]
INFO: [ view_filter ] --START--
INFO: Run Behavior\WriteHtmlCacheBehavior [ RunTime:0.000783s ]
INFO: [ view_filter ] --END-- [ RunTime:0.000829s ]
INFO: [ app_end ] --START--
INFO: Run Behavior\ShowPageTraceBehavior [ RunTime:0.001047s ]
INFO: [ app_end ] --END-- [ RunTime:0.001112s ]

[ 2020-03-30T21:20:39+08:00 ] ::1 /Card-system/
INFO: [ app_init ] --START--
INFO: Run Behavior\BuildLiteBehavior [ RunTime:0.000009s ]
INFO: [ app_init ] --END-- [ RunTime:0.000338s ]
INFO: [ app_begin ] --START--
INFO: Run Behavior\ReadHtmlCacheBehavior [ RunTime:0.001358s ]
INFO: [ app_begin ] --END-- [ RunTime:0.001450s ]
INFO: [ view_parse ] --START--
INFO: [ template_filter ] --START--
INFO: Run Behavior\ContentReplaceBehavior [ RunTime:0.000057s ]
INFO: [ template_filter ] --END-- [ RunTime:0.000143s ]
INFO: Run Behavior\ParseTemplateBehavior [ RunTime:0.046622s ]
INFO: [ view_parse ] --END-- [ RunTime:0.046707s ]
INFO: [ view_filter ] --START--
INFO: Run Behavior\WriteHtmlCacheBehavior [ RunTime:0.000787s ]
INFO: [ view_filter ] --END-- [ RunTime:0.000855s ]
INFO: [ app_end ] --START--
INFO: Run Behavior\ShowPageTraceBehavior [ RunTime:0.000974s ]
INFO: [ app_end ] --END-- [ RunTime:0.001029s ]

[ 2020-03-30T21:21:08+08:00 ] ::1 /Card-system/
INFO: [ app_init ] --START--
INFO: Run Behavior\BuildLiteBehavior [ RunTime:0.000017s ]
INFO: [ app_init ] --END-- [ RunTime:0.000620s ]
INFO: [ app_begin ] --START--
INFO: Run Behavior\ReadHtmlCacheBehavior [ RunTime:0.000996s ]
INFO: [ app_begin ] --END-- [ RunTime:0.001080s ]
INFO: [ view_parse ] --START--
INFO: [ template_filter ] --START--
INFO: Run Behavior\ContentReplaceBehavior [ RunTime:0.000062s ]
INFO: [ template_filter ] --END-- [ RunTime:0.000136s ]
INFO: Run Behavior\ParseTemplateBehavior [ RunTime:0.042327s ]
INFO: [ view_parse ] --END-- [ RunTime:0.042436s ]
INFO: [ view_filter ] --START--
INFO: Run Behavior\WriteHtmlCacheBehavior [ RunTime:0.000846s ]
INFO: [ view_filter ] --END-- [ RunTime:0.000912s ]
INFO: [ app_end ] --START--
INFO: Run Behavior\ShowPageTraceBehavior [ RunTime:0.000931s ]
INFO: [ app_end ] --END-- [ RunTime:0.000981s ]

[ 2020-03-30T21:21:28+08:00 ] ::1 /Card-system/
INFO: [ app_init ] --START--
INFO: Run Behavior\BuildLiteBehavior [ RunTime:0.000009s ]
INFO: [ app_init ] --END-- [ RunTime:0.000326s ]
INFO: [ app_begin ] --START--
INFO: Run Behavior\ReadHtmlCacheBehavior [ RunTime:0.000621s ]
INFO: [ app_begin ] --END-- [ RunTime:0.000671s ]
INFO: [ view_parse ] --START--
INFO: [ template_filter ] --START--
INFO: Run Behavior\ContentReplaceBehavior [ RunTime:0.000038s ]
INFO: [ template_filter ] --END-- [ RunTime:0.000083s ]
INFO: Run Behavior\ParseTemplateBehavior [ RunTime:0.049493s ]
INFO: [ view_parse ] --END-- [ RunTime:0.049578s ]
INFO: [ view_filter ] --START--
INFO: Run Behavior\WriteHtmlCacheBehavior [ RunTime:0.000764s ]
INFO: [ view_filter ] --END-- [ RunTime:0.000854s ]
INFO: [ app_end ] --START--
INFO: Run Behavior\ShowPageTraceBehavior [ RunTime:0.001536s ]
INFO: [ app_end ] --END-- [ RunTime:0.001615s ]

[ 2020-03-30T21:21:35+08:00 ] ::1 /Card-system/
INFO: [ app_init ] --START--
INFO: Run Behavior\BuildLiteBehavior [ RunTime:0.000014s ]
INFO: [ app_init ] --END-- [ RunTime:0.000353s ]
INFO: [ app_begin ] --START--
INFO: Run Behavior\ReadHtmlCacheBehavior [ RunTime:0.000778s ]
INFO: [ app_begin ] --END-- [ RunTime:0.000825s ]
INFO: [ view_parse ] --START--
INFO: [ template_filter ] --START--
INFO: Run Behavior\ContentReplaceBehavior [ RunTime:0.000055s ]
INFO: [ template_filter ] --END-- [ RunTime:0.000130s ]
INFO: Run Behavior\ParseTemplateBehavior [ RunTime:0.031248s ]
INFO: [ view_parse ] --END-- [ RunTime:0.031326s ]
INFO: [ view_filter ] --START--
INFO: Run Behavior\WriteHtmlCacheBehavior [ RunTime:0.000763s ]
INFO: [ view_filter ] --END-- [ RunTime:0.002802s ]
INFO: [ app_end ] --START--
INFO: Run Behavior\ShowPageTraceBehavior [ RunTime:0.001191s ]
INFO: [ app_end ] --END-- [ RunTime:0.001270s ]

[ 2020-03-30T21:21:43+08:00 ] ::1 /Card-system/
INFO: [ app_init ] --START--
INFO: Run Behavior\BuildLiteBehavior [ RunTime:0.000009s ]
INFO: [ app_init ] --END-- [ RunTime:0.000345s ]
INFO: [ app_begin ] --START--
INFO: Run Behavior\ReadHtmlCacheBehavior [ RunTime:0.001153s ]
INFO: [ app_begin ] --END-- [ RunTime:0.001238s ]
INFO: [ view_parse ] --START--
INFO: [ template_filter ] --START--
INFO: Run Behavior\ContentReplaceBehavior [ RunTime:0.000078s ]
INFO: [ template_filter ] --END-- [ RunTime:0.000154s ]
INFO: Run Behavior\ParseTemplateBehavior [ RunTime:0.022156s ]
INFO: [ view_parse ] --END-- [ RunTime:0.022236s ]
INFO: [ view_filter ] --START--
INFO: Run Behavior\WriteHtmlCacheBehavior [ RunTime:0.000575s ]
INFO: [ view_filter ] --END-- [ RunTime:0.000607s ]
INFO: [ app_end ] --START--
INFO: Run Behavior\ShowPageTraceBehavior [ RunTime:0.000738s ]
INFO: [ app_end ] --END-- [ RunTime:0.000775s ]

[ 2020-03-30T21:21:55+08:00 ] ::1 /Card-system/
INFO: [ app_init ] --START--
INFO: Run Behavior\BuildLiteBehavior [ RunTime:0.000010s ]
INFO: [ app_init ] --END-- [ RunTime:0.000357s ]
INFO: [ app_begin ] --START--
INFO: Run Behavior\ReadHtmlCacheBehavior [ RunTime:0.000641s ]
INFO: [ app_begin ] --END-- [ RunTime:0.000693s ]
INFO: [ view_parse ] --START--
INFO: [ template_filter ] --START--
INFO: Run Behavior\ContentReplaceBehavior [ RunTime:0.000071s ]
INFO: [ template_filter ] --END-- [ RunTime:0.000163s ]
INFO: Run Behavior\ParseTemplateBehavior [ RunTime:0.046071s ]
INFO: [ view_parse ] --END-- [ RunTime:0.046152s ]
INFO: [ view_filter ] --START--
INFO: Run Behavior\WriteHtmlCacheBehavior [ RunTime:0.000882s ]
INFO: [ view_filter ] --END-- [ RunTime:0.000931s ]
INFO: [ app_end ] --START--
INFO: Run Behavior\ShowPageTraceBehavior [ RunTime:0.001674s ]
INFO: [ app_end ] --END-- [ RunTime:0.001739s ]

[ 2020-03-30T21:22:02+08:00 ] ::1 /Card-system/
INFO: [ app_init ] --START--
INFO: Run Behavior\BuildLiteBehavior [ RunTime:0.000019s ]
INFO: [ app_init ] --END-- [ RunTime:0.000420s ]
INFO: [ app_begin ] --START--
INFO: Run Behavior\ReadHtmlCacheBehavior [ RunTime:0.000630s ]
INFO: [ app_begin ] --END-- [ RunTime:0.000690s ]
INFO: [ view_parse ] --START--
INFO: [ template_filter ] --START--
INFO: Run Behavior\ContentReplaceBehavior [ RunTime:0.000035s ]
INFO: [ template_filter ] --END-- [ RunTime:0.000072s ]
INFO: Run Behavior\ParseTemplateBehavior [ RunTime:0.006524s ]
INFO: [ view_parse ] --END-- [ RunTime:0.006584s ]
INFO: [ view_filter ] --START--
INFO: Run Behavior\WriteHtmlCacheBehavior [ RunTime:0.000421s ]
INFO: [ view_filter ] --END-- [ RunTime:0.000448s ]
INFO: [ app_end ] --START--
INFO: Run Behavior\ShowPageTraceBehavior [ RunTime:0.000550s ]
INFO: [ app_end ] --END-- [ RunTime:0.000579s ]

[ 2020-03-30T21:22:20+08:00 ] ::1 /Card-system/
INFO: [ app_init ] --START--
INFO: Run Behavior\BuildLiteBehavior [ RunTime:0.000013s ]
INFO: [ app_init ] --END-- [ RunTime:0.000529s ]
INFO: [ app_begin ] --START--
INFO: Run Behavior\ReadHtmlCacheBehavior [ RunTime:0.001540s ]
INFO: [ app_begin ] --END-- [ RunTime:0.001650s ]
INFO: [ view_parse ] --START--
INFO: [ template_filter ] --START--
INFO: Run Behavior\ContentReplaceBehavior [ RunTime:0.000043s ]
INFO: [ template_filter ] --END-- [ RunTime:0.000109s ]
INFO: Run Behavior\ParseTemplateBehavior [ RunTime:0.021188s ]
INFO: [ view_parse ] --END-- [ RunTime:0.021311s ]
INFO: [ view_filter ] --START--
INFO: Run Behavior\WriteHtmlCacheBehavior [ RunTime:0.000729s ]
INFO: [ view_filter ] --END-- [ RunTime:0.000782s ]
INFO: [ app_end ] --START--
INFO: Run Behavior\ShowPageTraceBehavior [ RunTime:0.001475s ]
INFO: [ app_end ] --END-- [ RunTime:0.001573s ]

[ 2020-03-30T21:22:33+08:00 ] ::1 /Card-system/
INFO: [ app_init ] --START--
INFO: Run Behavior\BuildLiteBehavior [ RunTime:0.000012s ]
INFO: [ app_init ] --END-- [ RunTime:0.000513s ]
INFO: [ app_begin ] --START--
INFO: Run Behavior\ReadHtmlCacheBehavior [ RunTime:0.000698s ]
INFO: [ app_begin ] --END-- [ RunTime:0.000753s ]
INFO: [ view_parse ] --START--
INFO: [ template_filter ] --START--
INFO: Run Behavior\ContentReplaceBehavior [ RunTime:0.000058s ]
INFO: [ template_filter ] --END-- [ RunTime:0.000129s ]
INFO: Run Behavior\ParseTemplateBehavior [ RunTime:0.035885s ]
INFO: [ view_parse ] --END-- [ RunTime:0.035970s ]
INFO: [ view_filter ] --START--
INFO: Run Behavior\WriteHtmlCacheBehavior [ RunTime:0.000849s ]
INFO: [ view_filter ] --END-- [ RunTime:0.000923s ]
INFO: [ app_end ] --START--
INFO: Run Behavior\ShowPageTraceBehavior [ RunTime:0.001298s ]
INFO: [ app_end ] --END-- [ RunTime:0.001373s ]

[ 2020-03-30T21:23:04+08:00 ] ::1 /Card-system/
INFO: [ app_init ] --START--
INFO: Run Behavior\BuildLiteBehavior [ RunTime:0.000017s ]
INFO: [ app_init ] --END-- [ RunTime:0.000755s ]
INFO: [ app_begin ] --START--
INFO: Run Behavior\ReadHtmlCacheBehavior [ RunTime:0.001601s ]
INFO: [ app_begin ] --END-- [ RunTime:0.001727s ]
INFO: [ view_parse ] --START--
INFO: [ template_filter ] --START--
INFO: Run Behavior\ContentReplaceBehavior [ RunTime:0.000042s ]
INFO: [ template_filter ] --END-- [ RunTime:0.000092s ]
INFO: Run Behavior\ParseTemplateBehavior [ RunTime:0.011602s ]
INFO: [ view_parse ] --END-- [ RunTime:0.012188s ]
INFO: [ view_filter ] --START--
INFO: Run Behavior\WriteHtmlCacheBehavior [ RunTime:0.000418s ]
INFO: [ view_filter ] --END-- [ RunTime:0.000448s ]
INFO: [ app_end ] --START--
INFO: Run Behavior\ShowPageTraceBehavior [ RunTime:0.000515s ]
INFO: [ app_end ] --END-- [ RunTime:0.000550s ]

[ 2020-03-30T21:23:25+08:00 ] ::1 /Card-system/
INFO: [ app_init ] --START--
INFO: Run Behavior\BuildLiteBehavior [ RunTime:0.000019s ]
INFO: [ app_init ] --END-- [ RunTime:0.000673s ]
INFO: [ app_begin ] --START--
INFO: Run Behavior\ReadHtmlCacheBehavior [ RunTime:0.001082s ]
INFO: [ app_begin ] --END-- [ RunTime:0.001172s ]
INFO: [ view_parse ] --START--
INFO: [ template_filter ] --START--
INFO: Run Behavior\ContentReplaceBehavior [ RunTime:0.000078s ]
INFO: [ template_filter ] --END-- [ RunTime:0.000185s ]
INFO: Run Behavior\ParseTemplateBehavior [ RunTime:0.036204s ]
INFO: [ view_parse ] --END-- [ RunTime:0.036294s ]
INFO: [ view_filter ] --START--
INFO: Run Behavior\WriteHtmlCacheBehavior [ RunTime:0.000776s ]
INFO: [ view_filter ] --END-- [ RunTime:0.000842s ]
INFO: [ app_end ] --START--
INFO: Run Behavior\ShowPageTraceBehavior [ RunTime:0.001068s ]
INFO: [ app_end ] --END-- [ RunTime:0.001135s ]

[ 2020-03-30T21:25:56+08:00 ] ::1 /Card-system/
INFO: [ app_init ] --START--
INFO: Run Behavior\BuildLiteBehavior [ RunTime:0.000015s ]
INFO: [ app_init ] --END-- [ RunTime:0.000745s ]
INFO: [ app_begin ] --START--
INFO: Run Behavior\ReadHtmlCacheBehavior [ RunTime:0.003333s ]
INFO: [ app_begin ] --END-- [ RunTime:0.003469s ]
INFO: [ view_parse ] --START--
INFO: [ template_filter ] --START--
INFO: Run Behavior\ContentReplaceBehavior [ RunTime:0.000064s ]
INFO: [ template_filter ] --END-- [ RunTime:0.000159s ]
INFO: Run Behavior\ParseTemplateBehavior [ RunTime:0.035129s ]
INFO: [ view_parse ] --END-- [ RunTime:0.035223s ]
INFO: [ view_filter ] --START--
INFO: Run Behavior\WriteHtmlCacheBehavior [ RunTime:0.001141s ]
INFO: [ view_filter ] --END-- [ RunTime:0.001194s ]
INFO: [ app_end ] --START--
INFO: Run Behavior\ShowPageTraceBehavior [ RunTime:0.001195s ]
INFO: [ app_end ] --END-- [ RunTime:0.001266s ]

[ 2020-03-30T21:26:44+08:00 ] ::1 /Card-system/
INFO: [ app_init ] --START--
INFO: Run Behavior\BuildLiteBehavior [ RunTime:0.000020s ]
INFO: [ app_init ] --END-- [ RunTime:0.000612s ]
INFO: [ app_begin ] --START--
INFO: Run Behavior\ReadHtmlCacheBehavior [ RunTime:0.001248s ]
INFO: [ app_begin ] --END-- [ RunTime:0.001340s ]
INFO: [ view_parse ] --START--
INFO: [ template_filter ] --START--
INFO: Run Behavior\ContentReplaceBehavior [ RunTime:0.000040s ]
INFO: [ template_filter ] --END-- [ RunTime:0.000089s ]
INFO: Run Behavior\ParseTemplateBehavior [ RunTime:0.022974s ]
INFO: [ view_parse ] --END-- [ RunTime:0.023046s ]
INFO: [ view_filter ] --START--
INFO: Run Behavior\WriteHtmlCacheBehavior [ RunTime:0.000878s ]
INFO: [ view_filter ] --END-- [ RunTime:0.000935s ]
INFO: [ app_end ] --START--
INFO: Run Behavior\ShowPageTraceBehavior [ RunTime:0.001095s ]
INFO: [ app_end ] --END-- [ RunTime:0.001146s ]

[ 2020-03-30T21:27:02+08:00 ] ::1 /Card-system/?XDEBUG_SESSION_START=14178
INFO: [ app_init ] --START--
INFO: Run Behavior\BuildLiteBehavior [ RunTime:0.000017s ]
INFO: [ app_init ] --END-- [ RunTime:0.000483s ]
INFO: [ app_begin ] --START--
INFO: Run Behavior\ReadHtmlCacheBehavior [ RunTime:0.000848s ]
INFO: [ app_begin ] --END-- [ RunTime:0.000900s ]
INFO: [ view_parse ] --START--
INFO: [ template_filter ] --START--
INFO: Run Behavior\ContentReplaceBehavior [ RunTime:0.000070s ]
INFO: [ template_filter ] --END-- [ RunTime:0.000156s ]
INFO: Run Behavior\ParseTemplateBehavior [ RunTime:0.033481s ]
INFO: [ view_parse ] --END-- [ RunTime:0.033556s ]
INFO: [ view_filter ] --START--
INFO: Run Behavior\WriteHtmlCacheBehavior [ RunTime:0.000730s ]
INFO: [ view_filter ] --END-- [ RunTime:0.000772s ]
INFO: [ app_end ] --START--
INFO: Run Behavior\ShowPageTraceBehavior [ RunTime:0.001103s ]
INFO: [ app_end ] --END-- [ RunTime:0.001155s ]

[ 2020-03-30T21:27:10+08:00 ] ::1 /Card-system/
INFO: [ app_init ] --START--
INFO: Run Behavior\BuildLiteBehavior [ RunTime:0.000023s ]
INFO: [ app_init ] --END-- [ RunTime:0.000500s ]
INFO: [ app_begin ] --START--
INFO: Run Behavior\ReadHtmlCacheBehavior [ RunTime:0.001239s ]
INFO: [ app_begin ] --END-- [ RunTime:0.001316s ]
INFO: [ view_parse ] --START--
INFO: [ template_filter ] --START--
INFO: Run Behavior\ContentReplaceBehavior [ RunTime:0.000064s ]
INFO: [ template_filter ] --END-- [ RunTime:0.000153s ]
INFO: Run Behavior\ParseTemplateBehavior [ RunTime:0.032668s ]
INFO: [ view_parse ] --END-- [ RunTime:0.032732s ]
INFO: [ view_filter ] --START--
INFO: Run Behavior\WriteHtmlCacheBehavior [ RunTime:0.000654s ]
INFO: [ view_filter ] --END-- [ RunTime:0.000691s ]
INFO: [ app_end ] --START--
INFO: Run Behavior\ShowPageTraceBehavior [ RunTime:0.000640s ]
INFO: [ app_end ] --END-- [ RunTime:0.000672s ]

[ 2020-03-30T21:28:43+08:00 ] ::1 /Card-system/
INFO: [ app_init ] --START--
INFO: Run Behavior\BuildLiteBehavior [ RunTime:0.000016s ]
INFO: [ app_init ] --END-- [ RunTime:0.000522s ]
INFO: [ app_begin ] --START--
INFO: Run Behavior\ReadHtmlCacheBehavior [ RunTime:0.001505s ]
INFO: [ app_begin ] --END-- [ RunTime:0.001606s ]
INFO: [ view_parse ] --START--
INFO: [ template_filter ] --START--
INFO: Run Behavior\ContentReplaceBehavior [ RunTime:0.000077s ]
INFO: [ template_filter ] --END-- [ RunTime:0.000140s ]
INFO: Run Behavior\ParseTemplateBehavior [ RunTime:0.044234s ]
INFO: [ view_parse ] --END-- [ RunTime:0.044325s ]
INFO: [ view_filter ] --START--
INFO: Run Behavior\WriteHtmlCacheBehavior [ RunTime:0.001032s ]
INFO: [ view_filter ] --END-- [ RunTime:0.001086s ]
INFO: [ app_end ] --START--
INFO: Run Behavior\ShowPageTraceBehavior [ RunTime:0.001188s ]
INFO: [ app_end ] --END-- [ RunTime:0.001235s ]

[ 2020-03-30T21:30:06+08:00 ] ::1 /Card-system/
INFO: [ app_init ] --START--
INFO: Run Behavior\BuildLiteBehavior [ RunTime:0.000017s ]
INFO: [ app_init ] --END-- [ RunTime:0.000573s ]
INFO: [ app_begin ] --START--
INFO: Run Behavior\ReadHtmlCacheBehavior [ RunTime:0.001675s ]
INFO: [ app_begin ] --END-- [ RunTime:0.001745s ]
INFO: [ view_parse ] --START--
INFO: [ template_filter ] --START--
INFO: Run Behavior\ContentReplaceBehavior [ RunTime:0.000057s ]
INFO: [ template_filter ] --END-- [ RunTime:0.000122s ]
INFO: Run Behavior\ParseTemplateBehavior [ RunTime:0.043840s ]
INFO: [ view_parse ] --END-- [ RunTime:0.043892s ]
INFO: [ view_filter ] --START--
INFO: Run Behavior\WriteHtmlCacheBehavior [ RunTime:0.000680s ]
INFO: [ view_filter ] --END-- [ RunTime:0.000729s ]
INFO: [ app_end ] --START--
INFO: Run Behavior\ShowPageTraceBehavior [ RunTime:0.001028s ]
INFO: [ app_end ] --END-- [ RunTime:0.001080s ]

[ 2020-03-30T21:31:03+08:00 ] ::1 /Card-system/
INFO: [ app_init ] --START--
INFO: Run Behavior\BuildLiteBehavior [ RunTime:0.000017s ]
INFO: [ app_init ] --END-- [ RunTime:0.000546s ]
INFO: [ app_begin ] --START--
INFO: Run Behavior\ReadHtmlCacheBehavior [ RunTime:0.001610s ]
INFO: [ app_begin ] --END-- [ RunTime:0.001716s ]
INFO: [ view_parse ] --START--
INFO: [ template_filter ] --START--
INFO: Run Behavior\ContentReplaceBehavior [ RunTime:0.000316s ]
INFO: [ template_filter ] --END-- [ RunTime:0.000756s ]
INFO: Run Behavior\ParseTemplateBehavior [ RunTime:0.044503s ]
INFO: [ view_parse ] --END-- [ RunTime:0.044572s ]
INFO: [ view_filter ] --START--
INFO: Run Behavior\WriteHtmlCacheBehavior [ RunTime:0.000621s ]
INFO: [ view_filter ] --END-- [ RunTime:0.000648s ]
INFO: [ app_end ] --START--
INFO: Run Behavior\ShowPageTraceBehavior [ RunTime:0.000714s ]
INFO: [ app_end ] --END-- [ RunTime:0.000746s ]

[ 2020-03-30T21:33:47+08:00 ] ::1 /Card-system/
INFO: [ app_init ] --START--
INFO: Run Behavior\BuildLiteBehavior [ RunTime:0.000015s ]
INFO: [ app_init ] --END-- [ RunTime:0.000550s ]
INFO: [ app_begin ] --START--
INFO: Run Behavior\ReadHtmlCacheBehavior [ RunTime:0.011869s ]
INFO: [ app_begin ] --END-- [ RunTime:0.011983s ]
INFO: [ view_parse ] --START--
INFO: [ template_filter ] --START--
INFO: Run Behavior\ContentReplaceBehavior [ RunTime:0.000071s ]
INFO: [ template_filter ] --END-- [ RunTime:0.000164s ]
INFO: Run Behavior\ParseTemplateBehavior [ RunTime:0.032172s ]
INFO: [ view_parse ] --END-- [ RunTime:0.032247s ]
INFO: [ view_filter ] --START--
INFO: Run Behavior\WriteHtmlCacheBehavior [ RunTime:0.000385s ]
INFO: [ view_filter ] --END-- [ RunTime:0.000421s ]
INFO: [ app_end ] --START--
INFO: Run Behavior\ShowPageTraceBehavior [ RunTime:0.000492s ]
INFO: [ app_end ] --END-- [ RunTime:0.000519s ]

[ 2020-03-30T21:35:49+08:00 ] ::1 /Card-system/
INFO: [ app_init ] --START--
INFO: Run Behavior\BuildLiteBehavior [ RunTime:0.000022s ]
INFO: [ app_init ] --END-- [ RunTime:0.001938s ]
INFO: [ app_begin ] --START--
INFO: Run Behavior\ReadHtmlCacheBehavior [ RunTime:0.001358s ]
INFO: [ app_begin ] --END-- [ RunTime:0.001441s ]
INFO: [ view_parse ] --START--
INFO: [ template_filter ] --START--
INFO: Run Behavior\ContentReplaceBehavior [ RunTime:0.001647s ]
INFO: [ template_filter ] --END-- [ RunTime:0.001804s ]
INFO: Run Behavior\ParseTemplateBehavior [ RunTime:0.052334s ]
INFO: [ view_parse ] --END-- [ RunTime:0.052422s ]
INFO: [ view_filter ] --START--
INFO: Run Behavior\WriteHtmlCacheBehavior [ RunTime:0.000975s ]
INFO: [ view_filter ] --END-- [ RunTime:0.001023s ]
INFO: [ app_end ] --START--
INFO: Run Behavior\ShowPageTraceBehavior [ RunTime:0.004263s ]
INFO: [ app_end ] --END-- [ RunTime:0.004303s ]

